2023-05-30T14:48:20+00:00 CRITICAL Uncaught Error: Call to a member function get_cellmap() on null in C:\xampp\htdocs\wordpress\library\dompdf\vendor\dompdf\dompdf\src\FrameReflower\TableCell.php:40
Stack trace:
#0 C:\xampp\htdocs\wordpress\library\dompdf\vendor\dompdf\dompdf\src\FrameDecorator\AbstractFrameDecorator.php(913): Dompdf\FrameReflower\TableCell->reflow(NULL)
#1 C:\xampp\htdocs\wordpress\library\dompdf\vendor\dompdf\dompdf\src\FrameReflower\TableRow.php(56): Dompdf\FrameDecorator\AbstractFrameDecorator->reflow()
#2 C:\xampp\htdocs\wordpress\library\dompdf\vendor\dompdf\dompdf\src\FrameDecorator\AbstractFrameDecorator.php(913): Dompdf\FrameReflower\TableRow->reflow(Object(Dompdf\FrameDecorator\Block))
#3 C:\xampp\htdocs\wordpress\library\dompdf\vendor\dompdf\dompdf\src\FrameReflower\Block.php(865): Dompdf\FrameDecorator\AbstractFrameDecorator->reflow(Object(Dompdf\FrameDecorator\Block))
#4 C:\xampp\htdocs\wordpress\library\dompdf\vendor\dompdf\dompdf\src\FrameDecorator\AbstractFrameDecorator.php(913): Dompdf\FrameReflower\Block->ref en C:\xampp\htdocs\wordpress\library\dompdf\vendor\dompdf\dompdf\src\FrameReflower\TableCell.php en la línea 40

2023-05-30T14:48:34+00:00 CRITICAL Uncaught Error: Call to a member function get_cellmap() on null in C:\xampp\htdocs\wordpress\library\dompdf\vendor\dompdf\dompdf\src\FrameReflower\TableCell.php:40
Stack trace:
#0 C:\xampp\htdocs\wordpress\library\dompdf\vendor\dompdf\dompdf\src\FrameDecorator\AbstractFrameDecorator.php(913): Dompdf\FrameReflower\TableCell->reflow(NULL)
#1 C:\xampp\htdocs\wordpress\library\dompdf\vendor\dompdf\dompdf\src\FrameReflower\TableRow.php(56): Dompdf\FrameDecorator\AbstractFrameDecorator->reflow()
#2 C:\xampp\htdocs\wordpress\library\dompdf\vendor\dompdf\dompdf\src\FrameDecorator\AbstractFrameDecorator.php(913): Dompdf\FrameReflower\TableRow->reflow(Object(Dompdf\FrameDecorator\Block))
#3 C:\xampp\htdocs\wordpress\library\dompdf\vendor\dompdf\dompdf\src\FrameReflower\Block.php(865): Dompdf\FrameDecorator\AbstractFrameDecorator->reflow(Object(Dompdf\FrameDecorator\Block))
#4 C:\xampp\htdocs\wordpress\library\dompdf\vendor\dompdf\dompdf\src\FrameDecorator\AbstractFrameDecorator.php(913): Dompdf\FrameReflower\Block->ref en C:\xampp\htdocs\wordpress\library\dompdf\vendor\dompdf\dompdf\src\FrameReflower\TableCell.php en la línea 40

2023-05-30T14:51:45+00:00 CRITICAL Uncaught Error: Call to a member function get_cellmap() on null in C:\xampp\htdocs\wordpress\library\dompdf\vendor\dompdf\dompdf\src\FrameReflower\TableCell.php:40
Stack trace:
#0 C:\xampp\htdocs\wordpress\library\dompdf\vendor\dompdf\dompdf\src\FrameDecorator\AbstractFrameDecorator.php(913): Dompdf\FrameReflower\TableCell->reflow(NULL)
#1 C:\xampp\htdocs\wordpress\library\dompdf\vendor\dompdf\dompdf\src\FrameReflower\TableRow.php(56): Dompdf\FrameDecorator\AbstractFrameDecorator->reflow()
#2 C:\xampp\htdocs\wordpress\library\dompdf\vendor\dompdf\dompdf\src\FrameDecorator\AbstractFrameDecorator.php(913): Dompdf\FrameReflower\TableRow->reflow(Object(Dompdf\FrameDecorator\Block))
#3 C:\xampp\htdocs\wordpress\library\dompdf\vendor\dompdf\dompdf\src\FrameReflower\Block.php(865): Dompdf\FrameDecorator\AbstractFrameDecorator->reflow(Object(Dompdf\FrameDecorator\Block))
#4 C:\xampp\htdocs\wordpress\library\dompdf\vendor\dompdf\dompdf\src\FrameDecorator\AbstractFrameDecorator.php(913): Dompdf\FrameReflower\Block->ref en C:\xampp\htdocs\wordpress\library\dompdf\vendor\dompdf\dompdf\src\FrameReflower\TableCell.php en la línea 40

2023-05-30T14:54:24+00:00 CRITICAL Uncaught Error: Call to a member function get_cellmap() on null in C:\xampp\htdocs\wordpress\library\dompdf\vendor\dompdf\dompdf\src\FrameReflower\TableCell.php:40
Stack trace:
#0 C:\xampp\htdocs\wordpress\library\dompdf\vendor\dompdf\dompdf\src\FrameDecorator\AbstractFrameDecorator.php(913): Dompdf\FrameReflower\TableCell->reflow(NULL)
#1 C:\xampp\htdocs\wordpress\library\dompdf\vendor\dompdf\dompdf\src\FrameReflower\TableRow.php(56): Dompdf\FrameDecorator\AbstractFrameDecorator->reflow()
#2 C:\xampp\htdocs\wordpress\library\dompdf\vendor\dompdf\dompdf\src\FrameDecorator\AbstractFrameDecorator.php(913): Dompdf\FrameReflower\TableRow->reflow(Object(Dompdf\FrameDecorator\Block))
#3 C:\xampp\htdocs\wordpress\library\dompdf\vendor\dompdf\dompdf\src\FrameReflower\Block.php(865): Dompdf\FrameDecorator\AbstractFrameDecorator->reflow(Object(Dompdf\FrameDecorator\Block))
#4 C:\xampp\htdocs\wordpress\library\dompdf\vendor\dompdf\dompdf\src\FrameDecorator\AbstractFrameDecorator.php(913): Dompdf\FrameReflower\Block->ref en C:\xampp\htdocs\wordpress\library\dompdf\vendor\dompdf\dompdf\src\FrameReflower\TableCell.php en la línea 40

2023-05-30T14:55:59+00:00 CRITICAL Uncaught Error: Call to a member function get_cellmap() on null in C:\xampp\htdocs\wordpress\library\dompdf\vendor\dompdf\dompdf\src\FrameReflower\TableCell.php:40
Stack trace:
#0 C:\xampp\htdocs\wordpress\library\dompdf\vendor\dompdf\dompdf\src\FrameDecorator\AbstractFrameDecorator.php(913): Dompdf\FrameReflower\TableCell->reflow(NULL)
#1 C:\xampp\htdocs\wordpress\library\dompdf\vendor\dompdf\dompdf\src\FrameReflower\TableRow.php(56): Dompdf\FrameDecorator\AbstractFrameDecorator->reflow()
#2 C:\xampp\htdocs\wordpress\library\dompdf\vendor\dompdf\dompdf\src\FrameDecorator\AbstractFrameDecorator.php(913): Dompdf\FrameReflower\TableRow->reflow(Object(Dompdf\FrameDecorator\Block))
#3 C:\xampp\htdocs\wordpress\library\dompdf\vendor\dompdf\dompdf\src\FrameReflower\Block.php(865): Dompdf\FrameDecorator\AbstractFrameDecorator->reflow(Object(Dompdf\FrameDecorator\Block))
#4 C:\xampp\htdocs\wordpress\library\dompdf\vendor\dompdf\dompdf\src\FrameDecorator\AbstractFrameDecorator.php(913): Dompdf\FrameReflower\Block->ref en C:\xampp\htdocs\wordpress\library\dompdf\vendor\dompdf\dompdf\src\FrameReflower\TableCell.php en la línea 40

2023-05-30T14:56:50+00:00 CRITICAL Uncaught Error: Call to a member function get_cellmap() on null in C:\xampp\htdocs\wordpress\library\dompdf\vendor\dompdf\dompdf\src\FrameReflower\TableCell.php:40
Stack trace:
#0 C:\xampp\htdocs\wordpress\library\dompdf\vendor\dompdf\dompdf\src\FrameDecorator\AbstractFrameDecorator.php(913): Dompdf\FrameReflower\TableCell->reflow(NULL)
#1 C:\xampp\htdocs\wordpress\library\dompdf\vendor\dompdf\dompdf\src\FrameReflower\TableRow.php(56): Dompdf\FrameDecorator\AbstractFrameDecorator->reflow()
#2 C:\xampp\htdocs\wordpress\library\dompdf\vendor\dompdf\dompdf\src\FrameDecorator\AbstractFrameDecorator.php(913): Dompdf\FrameReflower\TableRow->reflow(Object(Dompdf\FrameDecorator\Block))
#3 C:\xampp\htdocs\wordpress\library\dompdf\vendor\dompdf\dompdf\src\FrameReflower\Block.php(865): Dompdf\FrameDecorator\AbstractFrameDecorator->reflow(Object(Dompdf\FrameDecorator\Block))
#4 C:\xampp\htdocs\wordpress\library\dompdf\vendor\dompdf\dompdf\src\FrameDecorator\AbstractFrameDecorator.php(913): Dompdf\FrameReflower\Block->ref en C:\xampp\htdocs\wordpress\library\dompdf\vendor\dompdf\dompdf\src\FrameReflower\TableCell.php en la línea 40

2023-05-30T14:58:25+00:00 CRITICAL Uncaught Error: Call to a member function get_cellmap() on null in C:\xampp\htdocs\wordpress\library\dompdf\vendor\dompdf\dompdf\src\FrameReflower\TableCell.php:40
Stack trace:
#0 C:\xampp\htdocs\wordpress\library\dompdf\vendor\dompdf\dompdf\src\FrameDecorator\AbstractFrameDecorator.php(913): Dompdf\FrameReflower\TableCell->reflow(NULL)
#1 C:\xampp\htdocs\wordpress\library\dompdf\vendor\dompdf\dompdf\src\FrameReflower\TableRow.php(56): Dompdf\FrameDecorator\AbstractFrameDecorator->reflow()
#2 C:\xampp\htdocs\wordpress\library\dompdf\vendor\dompdf\dompdf\src\FrameDecorator\AbstractFrameDecorator.php(913): Dompdf\FrameReflower\TableRow->reflow(Object(Dompdf\FrameDecorator\Block))
#3 C:\xampp\htdocs\wordpress\library\dompdf\vendor\dompdf\dompdf\src\FrameReflower\Block.php(865): Dompdf\FrameDecorator\AbstractFrameDecorator->reflow(Object(Dompdf\FrameDecorator\Block))
#4 C:\xampp\htdocs\wordpress\library\dompdf\vendor\dompdf\dompdf\src\FrameDecorator\AbstractFrameDecorator.php(913): Dompdf\FrameReflower\Block->ref en C:\xampp\htdocs\wordpress\library\dompdf\vendor\dompdf\dompdf\src\FrameReflower\TableCell.php en la línea 40

